[01m[K/home/maffin21/ydlidar_ws/src/ydlidar_ros2_driver/src/ydlidar_ros2_driver_node.cpp:[m[K In function â€˜[01m[Kint main(int, char**)[m[Kâ€™:
[01m[K/home/maffin21/ydlidar_ws/src/ydlidar_ros2_driver/src/ydlidar_ros2_driver_node.cpp:56:26:[m[K [01;31m[Kerror: [m[Kâ€˜[01m[Kstruct LaserScan[m[Kâ€™ has no member named â€˜[01m[Kranges[m[Kâ€™
   56 |       msg->ranges = scan.[01;31m[Kranges[m[K;
      |                          [01;31m[K^~~~~~[m[K
[01m[K/home/maffin21/ydlidar_ws/src/ydlidar_ros2_driver/src/ydlidar_ros2_driver_node.cpp:57:31:[m[K [01;31m[Kerror: [m[Kâ€˜[01m[Kstruct LaserScan[m[Kâ€™ has no member named â€˜[01m[Kintensities[m[Kâ€™
   57 |       msg->intensities = scan.[01;31m[Kintensities[m[K;
      |                               [01;31m[K^~~~~~~~~~~[m[K
gmake[2]: *** [CMakeFiles/ydlidar_ros2_driver_node.dir/build.make:76: CMakeFiles/ydlidar_ros2_driver_node.dir/src/ydlidar_ros2_driver_node.cpp.o] ã‚¨ãƒ©ãƒ¼ 1
gmake[1]: *** [CMakeFiles/Makefile2:139: CMakeFiles/ydlidar_ros2_driver_node.dir/all] ã‚¨ãƒ©ãƒ¼ 2
gmake: *** [Makefile:146: all] ã‚¨ãƒ©ãƒ¼ 2
