[0.008s] Invoking command in '/home/maffin21/ydlidar_ws/build/ydlidar_ros2_driver': CMAKE_PREFIX_PATH=${CMAKE_PREFIX_PATH}:/opt/ros/humble /usr/bin/cmake --build /home/maffin21/ydlidar_ws/build/ydlidar_ros2_driver -- -j12 -l12
[0.048s] [35m[1mConsolidate compiler generated dependencies of target ydlidar_ros2_driver_node[0m
[0.058s] [ 50%] Built target ydlidar_ros2_driver_client
[0.062s] [ 75%] [32mBuilding CXX object CMakeFiles/ydlidar_ros2_driver_node.dir/src/ydlidar_ros2_driver_node.cpp.o[0m
[1.930s] [01m[K/home/maffin21/ydlidar_ws/src/ydlidar_ros2_driver/src/ydlidar_ros2_driver_node.cpp:[m[K In function â€˜[01m[Kint main(int, char**)[m[Kâ€™:
[1.930s] [01m[K/home/maffin21/ydlidar_ws/src/ydlidar_ros2_driver/src/ydlidar_ros2_driver_node.cpp:56:26:[m[K [01;31m[Kerror: [m[Kâ€˜[01m[Kstruct LaserScan[m[Kâ€™ has no member named â€˜[01m[Kranges[m[Kâ€™
[1.930s]    56 |       msg->ranges = scan.[01;31m[Kranges[m[K;
[1.930s]       |                          [01;31m[K^~~~~~[m[K
[1.930s] [01m[K/home/maffin21/ydlidar_ws/src/ydlidar_ros2_driver/src/ydlidar_ros2_driver_node.cpp:57:31:[m[K [01;31m[Kerror: [m[Kâ€˜[01m[Kstruct LaserScan[m[Kâ€™ has no member named â€˜[01m[Kintensities[m[Kâ€™
[1.930s]    57 |       msg->intensities = scan.[01;31m[Kintensities[m[K;
[1.931s]       |                               [01;31m[K^~~~~~~~~~~[m[K
[2.657s] gmake[2]: *** [CMakeFiles/ydlidar_ros2_driver_node.dir/build.make:76: CMakeFiles/ydlidar_ros2_driver_node.dir/src/ydlidar_ros2_driver_node.cpp.o] ã‚¨ãƒ©ãƒ¼ 1
[2.657s] gmake[1]: *** [CMakeFiles/Makefile2:139: CMakeFiles/ydlidar_ros2_driver_node.dir/all] ã‚¨ãƒ©ãƒ¼ 2
[2.658s] gmake: *** [Makefile:146: all] ã‚¨ãƒ©ãƒ¼ 2
[2.660s] Invoked command in '/home/maffin21/ydlidar_ws/build/ydlidar_ros2_driver' returned '2': CMAKE_PREFIX_PATH=${CMAKE_PREFIX_PATH}:/opt/ros/humble /usr/bin/cmake --build /home/maffin21/ydlidar_ws/build/ydlidar_ros2_driver -- -j12 -l12
