[01m[K/home/maffin21/ydlidar_ws/src/ydlidar_ros2_driver/src/ydlidar_ros2_driver_node.cpp:[m[K In function â€˜[01m[Kint main(int, char**)[m[Kâ€™:
[01m[K/home/maffin21/ydlidar_ws/src/ydlidar_ros2_driver/src/ydlidar_ros2_driver_node.cpp:109:7:[m[K [01;31m[Kerror: [m[Kâ€˜[01m[Kclass rclcpp::QoS[m[Kâ€™ has no member named â€˜[01m[Kdurable_volatile[m[Kâ€™; did you mean â€˜[01m[Kdurability_volatile[m[Kâ€™?
  109 |   qos.[01;31m[Kdurable_volatile[m[K();         // Volatile (é€šå¸¸ã®ã‚»ãƒ³ã‚µãƒ¼ãƒ‡ãƒ¼ã‚¿å‘ã‘)
      |       [01;31m[K^~~~~~~~~~~~~~~~[m[K
      |       [32m[Kdurability_volatile[m[K
[01m[K/home/maffin21/ydlidar_ws/src/ydlidar_ros2_driver/src/ydlidar_ros2_driver_node.cpp:86:8:[m[K [01;35m[Kwarning: [m[Kunused variable â€˜[01m[Kinvalid_range_is_inf[m[Kâ€™ [[01;35m[K]8;;https://gcc.gnu.org/onlinedocs/gcc/Warning-Options.html#index-Wunused-variable-Wunused-variable]8;;[m[K]
   86 |   bool [01;35m[Kinvalid_range_is_inf[m[K = node->declare_parameter<bool>("invalid_range_is_inf", false);
      |        [01;35m[K^~~~~~~~~~~~~~~~~~~~[m[K
gmake[2]: *** [CMakeFiles/ydlidar_ros2_driver_node.dir/build.make:76: CMakeFiles/ydlidar_ros2_driver_node.dir/src/ydlidar_ros2_driver_node.cpp.o] ã‚¨ãƒ©ãƒ¼ 1
gmake[1]: *** [CMakeFiles/Makefile2:139: CMakeFiles/ydlidar_ros2_driver_node.dir/all] ã‚¨ãƒ©ãƒ¼ 2
gmake: *** [Makefile:146: all] ã‚¨ãƒ©ãƒ¼ 2
