[0.008s] Invoking command in '/home/maffin21/ydlidar_ws/build/ydlidar_ros2_driver': CMAKE_PREFIX_PATH=${CMAKE_PREFIX_PATH}:/opt/ros/humble /usr/bin/cmake --build /home/maffin21/ydlidar_ws/build/ydlidar_ros2_driver -- -j12 -l12
[0.048s] [35m[1mConsolidate compiler generated dependencies of target ydlidar_ros2_driver_node[0m
[0.058s] [ 50%] Built target ydlidar_ros2_driver_client
[0.062s] [ 75%] [32mBuilding CXX object CMakeFiles/ydlidar_ros2_driver_node.dir/src/ydlidar_ros2_driver_node.cpp.o[0m
[1.930s] [01m[K/home/maffin21/ydlidar_ws/src/ydlidar_ros2_driver/src/ydlidar_ros2_driver_node.cpp:[m[K In function â€˜[01m[Kint main(int, char**)[m[Kâ€™:
[1.930s] [01m[K/home/maffin21/ydlidar_ws/src/ydlidar_ros2_driver/src/ydlidar_ros2_driver_node.cpp:126:26:[m[K [01;31m[Kerror: [m[Kâ€˜[01m[Kstruct LaserScan[m[Kâ€™ has no member named â€˜[01m[Kranges[m[Kâ€™
[1.930s]   126 |       msg->ranges = scan.[01;31m[Kranges[m[K;
[1.930s]       |                          [01;31m[K^~~~~~[m[K
[1.930s] [01m[K/home/maffin21/ydlidar_ws/src/ydlidar_ros2_driver/src/ydlidar_ros2_driver_node.cpp:127:31:[m[K [01;31m[Kerror: [m[Kâ€˜[01m[Kstruct LaserScan[m[Kâ€™ has no member named â€˜[01m[Kintensities[m[Kâ€™
[1.930s]   127 |       msg->intensities = scan.[01;31m[Kintensities[m[K;
[1.930s]       |                               [01;31m[K^~~~~~~~~~~[m[K
[1.933s] [01m[K/home/maffin21/ydlidar_ws/src/ydlidar_ros2_driver/src/ydlidar_ros2_driver_node.cpp:60:8:[m[K [01;35m[Kwarning: [m[Kunused variable â€˜[01m[Kinvalid_range_is_inf[m[Kâ€™ [[01;35m[K]8;;https://gcc.gnu.org/onlinedocs/gcc/Warning-Options.html#index-Wunused-variable-Wunused-variable]8;;[m[K]
[1.933s]    60 |   bool [01;35m[Kinvalid_range_is_inf[m[K = node->declare_parameter<bool>("invalid_range_is_inf", false);
[1.933s]       |        [01;35m[K^~~~~~~~~~~~~~~~~~~~[m[K
[2.667s] gmake[2]: *** [CMakeFiles/ydlidar_ros2_driver_node.dir/build.make:76: CMakeFiles/ydlidar_ros2_driver_node.dir/src/ydlidar_ros2_driver_node.cpp.o] ã‚¨ãƒ©ãƒ¼ 1
[2.667s] gmake[1]: *** [CMakeFiles/Makefile2:139: CMakeFiles/ydlidar_ros2_driver_node.dir/all] ã‚¨ãƒ©ãƒ¼ 2
[2.667s] gmake: *** [Makefile:146: all] ã‚¨ãƒ©ãƒ¼ 2
[2.670s] Invoked command in '/home/maffin21/ydlidar_ws/build/ydlidar_ros2_driver' returned '2': CMAKE_PREFIX_PATH=${CMAKE_PREFIX_PATH}:/opt/ros/humble /usr/bin/cmake --build /home/maffin21/ydlidar_ws/build/ydlidar_ros2_driver -- -j12 -l12
