[01m[K/home/maffin21/ydlidar_ws/src/ydlidar_ros2_driver/src/ydlidar_ros2_driver_node.cpp:[m[K In function â€˜[01m[Kint main(int, char**)[m[Kâ€™:
[01m[K/home/maffin21/ydlidar_ws/src/ydlidar_ros2_driver/src/ydlidar_ros2_driver_node.cpp:136:34:[m[K [01;31m[Kerror: [m[Kâ€˜[01m[Kstruct LaserScan[m[Kâ€™ has no member named â€˜[01m[Kdata_size[m[Kâ€™
  136 |       size_t num_readings = scan.[01;31m[Kdata_size[m[K;
      |                                  [01;31m[K^~~~~~~~~[m[K
[01m[K/home/maffin21/ydlidar_ws/src/ydlidar_ros2_driver/src/ydlidar_ros2_driver_node.cpp:141:18:[m[K [01;31m[Kerror: [m[Kâ€˜[01m[Kstruct LaserScan[m[Kâ€™ has no member named â€˜[01m[Kdata[m[Kâ€™
  141 |         if (scan.[01;31m[Kdata[m[K[i].distance_q2 != 0) {
      |                  [01;31m[K^~~~[m[K
[01m[K/home/maffin21/ydlidar_ws/src/ydlidar_ros2_driver/src/ydlidar_ros2_driver_node.cpp:142:33:[m[K [01;31m[Kerror: [m[Kâ€˜[01m[Kstruct LaserScan[m[Kâ€™ has no member named â€˜[01m[Kdata[m[Kâ€™
  142 |           msg->ranges[i] = scan.[01;31m[Kdata[m[K[i].distance_q2 / 4.0 / 1000.0; // mmã‹ã‚‰mã«å¤‰æ›
      |                                 [01;31m[K^~~~[m[K
[01m[K/home/maffin21/ydlidar_ws/src/ydlidar_ros2_driver/src/ydlidar_ros2_driver_node.cpp:146:55:[m[K [01;31m[Kerror: [m[Kâ€˜[01m[Kstruct LaserScan[m[Kâ€™ has no member named â€˜[01m[Kdata[m[Kâ€™
  146 |         msg->intensities[i] = static_cast<float>(scan.[01;31m[Kdata[m[K[i].confidence);
      |                                                       [01;31m[K^~~~[m[K
gmake[2]: *** [CMakeFiles/ydlidar_ros2_driver_node.dir/build.make:76: CMakeFiles/ydlidar_ros2_driver_node.dir/src/ydlidar_ros2_driver_node.cpp.o] ã‚¨ãƒ©ãƒ¼ 1
gmake[1]: *** [CMakeFiles/Makefile2:139: CMakeFiles/ydlidar_ros2_driver_node.dir/all] ã‚¨ãƒ©ãƒ¼ 2
gmake: *** [Makefile:146: all] ã‚¨ãƒ©ãƒ¼ 2
