[0.008s] Invoking command in '/home/maffin21/ydlidar_ws/build/ydlidar_ros2_driver': CMAKE_PREFIX_PATH=${CMAKE_PREFIX_PATH}:/opt/ros/humble /usr/bin/cmake --build /home/maffin21/ydlidar_ws/build/ydlidar_ros2_driver -- -j12 -l12
[0.046s] [35m[1mConsolidate compiler generated dependencies of target ydlidar_ros2_driver_node[0m
[0.057s] [ 50%] Built target ydlidar_ros2_driver_client
[0.061s] [ 75%] [32mBuilding CXX object CMakeFiles/ydlidar_ros2_driver_node.dir/src/ydlidar_ros2_driver_node.cpp.o[0m
[1.915s] [01m[K/home/maffin21/ydlidar_ws/src/ydlidar_ros2_driver/src/ydlidar_ros2_driver_node.cpp:[m[K In function ‚Äò[01m[Kint main(int, char**)[m[K‚Äô:
[1.916s] [01m[K/home/maffin21/ydlidar_ws/src/ydlidar_ros2_driver/src/ydlidar_ros2_driver_node.cpp:122:12:[m[K [01;31m[Kerror: [m[K‚Äò[01m[KLaserScan[m[K‚Äô is not a member of ‚Äò[01m[Kydlidar[m[K‚Äô
[1.916s]   122 |   ydlidar::[01;31m[KLaserScan[m[K scan;  // ‚Üê ‰øÆÊ≠£„Éù„Ç§„É≥„ÉàÔºÅ
[1.916s]       |            [01;31m[K^~~~~~~~~[m[K
[1.916s] [01m[K/home/maffin21/ydlidar_ws/src/ydlidar_ros2_driver/src/ydlidar_ros2_driver_node.cpp:122:12:[m[K [01;36m[Knote: [m[Ksuggested alternatives:
[1.916s] In file included from [01m[K/usr/local/include/core/common/ydlidar_protocol.h:531[m[K,
[1.916s]                  from [01m[K/usr/local/include/core/common/DriverInterface.h:8[m[K,
[1.916s]                  from [01m[K/usr/local/include/src/CYdLidar.h:48[m[K,
[1.916s]                  from [01m[K/home/maffin21/ydlidar_ws/src/ydlidar_ros2_driver/src/ydlidar_ros2_driver_node.cpp:1[m[K:
[1.916s] [01m[K/usr/local/include/core/common/ydlidar_datatype.h:121:3:[m[K [01;36m[Knote: [m[K  ‚Äò[01m[KLaserScan[m[K‚Äô
[1.916s]   121 | } [01;36m[KLaserScan[m[K;
[1.916s]       |   [01;36m[K^~~~~~~~~[m[K
[1.916s] In file included from [01m[K/opt/ros/humble/include/sensor_msgs/sensor_msgs/msg/laser_scan.hpp:7[m[K,
[1.916s]                  from [01m[K/home/maffin21/ydlidar_ws/src/ydlidar_ros2_driver/src/ydlidar_ros2_driver_node.cpp:3[m[K:
[1.916s] [01m[K/opt/ros/humble/include/sensor_msgs/sensor_msgs/msg/detail/laser_scan__struct.hpp:247:7:[m[K [01;36m[Knote: [m[K  ‚Äò[01m[Ksensor_msgs::msg::LaserScan[m[K‚Äô
[1.916s]   247 | using [01;36m[KLaserScan[m[K =
[1.916s]       |       [01;36m[K^~~~~~~~~[m[K
[1.918s] [01m[K/home/maffin21/ydlidar_ws/src/ydlidar_ros2_driver/src/ydlidar_ros2_driver_node.cpp:125:31:[m[K [01;31m[Kerror: [m[K‚Äò[01m[Kscan[m[K‚Äô was not declared in this scope; did you mean ‚Äò[01m[Kscanf[m[K‚Äô?
[1.918s]   125 |     if (laser.doProcessSimple([01;31m[Kscan[m[K)) {
[1.918s]       |                               [01;31m[K^~~~[m[K
[1.919s]       |                               [32m[Kscanf[m[K
[2.642s] gmake[2]: *** [CMakeFiles/ydlidar_ros2_driver_node.dir/build.make:76: CMakeFiles/ydlidar_ros2_driver_node.dir/src/ydlidar_ros2_driver_node.cpp.o] „Ç®„É©„Éº 1
[2.642s] gmake[1]: *** [CMakeFiles/Makefile2:139: CMakeFiles/ydlidar_ros2_driver_node.dir/all] „Ç®„É©„Éº 2
[2.642s] gmake: *** [Makefile:146: all] „Ç®„É©„Éº 2
[2.645s] Invoked command in '/home/maffin21/ydlidar_ws/build/ydlidar_ros2_driver' returned '2': CMAKE_PREFIX_PATH=${CMAKE_PREFIX_PATH}:/opt/ros/humble /usr/bin/cmake --build /home/maffin21/ydlidar_ws/build/ydlidar_ros2_driver -- -j12 -l12
